<?xml version="1.0" encoding="UTF-8"?>
<testsuite xmlns:xsi="http://www.w3.org/2001/XMLSchema-instance" xsi:noNamespaceSchemaLocation="https://maven.apache.org/surefire/maven-surefire-plugin/xsd/surefire-test-report.xsd" version="3.0.2" name="com.projeto.interdisciplinar.UsuarioRegistrationTest" time="11.202" tests="1" errors="0" skipped="0" failures="0" flakes="0">
  <properties>
[...]
</properties>
  <testcase name="deveSalvarUsuarioComSenhaCriptografada" classname="com.projeto.interdisciplinar.UsuarioRegistrationTest" time="1.46">
    <system-out><![CDATA[18:51:11.720 [main] INFO org.springframework.test.context.support.AnnotationConfigContextLoaderUtils -- Could not detect default configuration classes for test class [com.projeto.interdisciplinar.UsuarioRegistrationTest]: UsuarioRegistrationTest does not declare any static, non-private, non-final, nested classes annotated with @Configuration.
18:51:11.852 [main] INFO org.springframework.boot.test.context.SpringBootTestContextBootstrapper -- Found @SpringBootConfiguration com.projeto.interdisciplinar.InterdisciplinarApplication for test class com.projeto.interdisciplinar.UsuarioRegistrationTest
18:51:12.090 [main] INFO org.springframework.test.context.support.AnnotationConfigContextLoaderUtils -- Could not detect default configuration classes for test class [com.projeto.interdisciplinar.UsuarioRegistrationTest]: UsuarioRegistrationTest does not declare any static, non-private, non-final, nested classes annotated with @Configuration.
18:51:12.096 [main] INFO org.springframework.boot.test.context.SpringBootTestContextBootstrapper -- Found @SpringBootConfiguration com.projeto.interdisciplinar.InterdisciplinarApplication for test class com.projeto.interdisciplinar.UsuarioRegistrationTest

  .   ____          _            __ _ _
 /\\ / ___'_ __ _ _(_)_ __  __ _ \ \ \ \
( ( )\___ | '_ | '_| | '_ \/ _` | \ \ \ \
 \\/  ___)| |_)| | | | | || (_| |  ) ) ) )
  '  |____| .__|_| |_|_| |_\__, | / / / /
 =========|_|==============|___/=/_/_/_/

 :: Spring Boot ::                (v4.1.1)

2026-09-11T18:51:12.735Z  INFO 29396 --- [interdisciplinar] [           main] c.p.i.UsuarioRegistrationTest            : Starting UsuarioRegistrationTest using Java 25.0.4.1 with PID 29396 (started by codespace in /workspaces/ProjetoInterdissiplinar/interdisciplinar)
2026-09-11T18:51:12.744Z  INFO 29396 --- [interdisciplinar] [           main] c.p.i.UsuarioRegistrationTest            : No active profile set, falling back to 1 default profile: "default"
2026-09-11T18:51:14.488Z  INFO 29396 --- [interdisciplinar] [           main] .s.d.r.c.RepositoryConfigurationDelegate : Bootstrapping Spring Data JPA repositories in DEFAULT mode.
2026-09-11T18:51:14.563Z  INFO 29396 --- [interdisciplinar] [           main] .s.d.r.c.RepositoryConfigurationDelegate : Finished Spring Data repository scanning in 65 ms. Found 5 JPA repository interfaces.
2026-09-11T18:51:15.654Z  INFO 29396 --- [interdisciplinar] [           main] org.hibernate.orm.jpa                    : HHH008540: Processing PersistenceUnitInfo [name: default]
2026-09-11T18:51:15.763Z  INFO 29396 --- [interdisciplinar] [           main] org.hibernate.orm.core                   : HHH000001: Hibernate ORM core version 7.4.5.Final
2026-09-11T18:51:16.393Z  INFO 29396 --- [interdisciplinar] [           main] o.s.o.j.p.SpringPersistenceUnitInfo      : No LoadTimeWeaver setup: ignoring JPA class transformer
2026-09-11T18:51:16.438Z  INFO 29396 --- [interdisciplinar] [           main] com.zaxxer.hikari.HikariDataSource       : HikariPool-1 - Starting...
2026-09-11T18:51:16.706Z  INFO 29396 --- [interdisciplinar] [           main] com.zaxxer.hikari.pool.HikariPool        : HikariPool-1 - Added connection conn0: url=jdbc:h2:mem:copadomundo user=SA
2026-09-11T18:51:16.709Z  INFO 29396 --- [interdisciplinar] [           main] com.zaxxer.hikari.HikariDataSource       : HikariPool-1 - Start completed.
2026-09-11T18:51:16.747Z  WARN 29396 --- [interdisciplinar] [           main] org.hibernate.orm.deprecation            : HHH90000025: H2Dialect does not need to be specified explicitly using 'hibernate.dialect' (remove the property setting and it will be selected by default)
2026-09-11T18:51:16.778Z  INFO 29396 --- [interdisciplinar] [           main] org.hibernate.orm.connections.pooling    : HHH10001005: Database info:
	Database JDBC URL [jdbc:h2:mem:copadomundo]
	Database driver: H2 JDBC Driver
	Database dialect: H2Dialect
	Database version: 2.4.240
	Default catalog/schema: COPADOMUNDO/PUBLIC
	Autocommit mode: undefined/unknown
	Isolation level: READ_COMMITTED [default READ_COMMITTED]
	JDBC fetch size: 100
	Pool: DataSourceConnectionProvider
	Minimum pool size: undefined/unknown
	Maximum pool size: undefined/unknown
2026-09-11T18:51:18.255Z  INFO 29396 --- [interdisciplinar] [           main] org.hibernate.orm.core                   : HHH000489: No JTA platform available (set 'hibernate.transaction.jta.platform' to enable JTA platform integration)
Hibernate: create table albums (id_album bigint generated by default as identity, data_criacao date not null, nome_album varchar(255) not null, id_usuario bigint not null, primary key (id_album))
Hibernate: create table figurinha_album (possui boolean not null, quantidade integer not null, id_album bigint not null, id_figurinha bigint not null, primary key (id_album, id_figurinha))
Hibernate: create table figurinhas (id_figurinha bigint generated by default as identity, numero integer not null, id_jogador bigint not null, primary key (id_figurinha))
Hibernate: create table jogadores (id_jogador bigint generated by default as identity, assistencias integer not null, gols integer not null, nome_jogador varchar(255) not null, numero_camisa integer not null check ((numero_camisa>=1)), posicao varchar(255) not null, id_selecao bigint not null, primary key (id_jogador))
Hibernate: create table selecoes (id_selecao bigint generated by default as identity, grupo varchar(255) not null, nome_selecao varchar(255) not null, pais varchar(255) not null, primary key (id_selecao))
Hibernate: create table usuarios (id_usuario bigint generated by default as identity, email varchar(255) not null, nome varchar(255) not null, senha varchar(255) not null, primary key (id_usuario))
Hibernate: alter table if exists usuarios drop constraint if exists UKkfsp0s1tflm1cwlj8idhqsad0
Hibernate: alter table if exists usuarios add constraint UKkfsp0s1tflm1cwlj8idhqsad0 unique (email)
Hibernate: alter table if exists albums add constraint FKnf1an12o8lhap7rpi01u6xnak foreign key (id_usuario) references usuarios
Hibernate: alter table if exists figurinha_album add constraint FKk9hu0f0xqyc0w6h8nncc3g106 foreign key (id_album) references albums
Hibernate: alter table if exists figurinha_album add constraint FK5kbh7uq1cb46siulxkh93pvly foreign key (id_figurinha) references figurinhas
Hibernate: alter table if exists figurinhas add constraint FKimk656heym7gvsk3ia5h9k00s foreign key (id_jogador) references jogadores
Hibernate: alter table if exists jogadores add constraint FK8ev5w9csru9rcbuvumc3dlyk6 foreign key (id_selecao) references selecoes
2026-09-11T18:51:18.354Z  INFO 29396 --- [interdisciplinar] [           main] j.LocalContainerEntityManagerFactoryBean : Initialized JPA EntityManagerFactory for persistence unit 'default'
2026-09-11T18:51:18.471Z  INFO 29396 --- [interdisciplinar] [           main] o.s.d.j.r.query.QueryEnhancerFactories   : Hibernate is in classpath; If applicable, HQL parser will be used.
2026-09-11T18:51:18.798Z  WARN 29396 --- [interdisciplinar] [           main] JpaBaseConfiguration$JpaWebConfiguration : spring.jpa.open-in-view is enabled by default. Therefore, database queries may be performed during view rendering. Explicitly configure spring.jpa.open-in-view to disable this warning
2026-09-11T18:51:18.996Z  INFO 29396 --- [interdisciplinar] [           main] eAuthenticationProviderManagerConfigurer : Global AuthenticationManager configured with AuthenticationProvider bean with name authenticationProvider
2026-09-11T18:51:18.997Z  WARN 29396 --- [interdisciplinar] [           main] r$InitializeUserDetailsManagerConfigurer : Global AuthenticationManager configured with an AuthenticationProvider bean. UserDetailsService beans will not be used by Spring Security for automatically configuring username/password login. Consider removing the AuthenticationProvider bean. Alternatively, consider using the UserDetailsService in a manually instantiated DaoAuthenticationProvider. If the current configuration is intentional, to turn off this warning, increase the logging level of 'org.springframework.security.config.annotation.authentication.configuration.InitializeUserDetailsBeanManagerConfigurer' to ERROR
2026-09-11T18:51:19.281Z  INFO 29396 --- [interdisciplinar] [           main] o.s.b.w.a.WelcomePageHandlerMapping      : Adding welcome page template: index
2026-09-11T18:51:19.970Z  INFO 29396 --- [interdisciplinar] [           main] c.p.i.UsuarioRegistrationTest            : Started UsuarioRegistrationTest in 7.714 seconds (process running for 11.017)
Hibernate: insert into usuarios (email,nome,senha,id_usuario) values (?,?,?,default)
]]></system-out>
    <system-err><![CDATA[Mockito is currently self-attaching to enable the inline-mock-maker. This will no longer work in future releases of the JDK. Please add Mockito as an agent to your build as described in Mockito's documentation: https://javadoc.io/doc/org.mockito/mockito-core/latest/org.mockito/org/mockito/Mockito.html#0.3
WARNING: A Java agent has been loaded dynamically (/home/codespace/.m2/repository/net/bytebuddy/byte-buddy-agent/1.18.11/byte-buddy-agent-1.18.11.jar)
WARNING: If a serviceability tool is in use, please run with -XX:+EnableDynamicAgentLoading to hide this warning
WARNING: If a serviceability tool is not in use, please run with -Djdk.instrument.traceUsage for more information
WARNING: Dynamic loading of agents will be disallowed by default in a future release
]]></system-err>
  </testcase>
</testsuite>