<?xml version="1.0" encoding="UTF-8"?>
<testsuite xmlns:xsi="http://www.w3.org/2001/XMLSchema-instance" xsi:noNamespaceSchemaLocation="https://maven.apache.org/surefire/maven-surefire-plugin/xsd/surefire-test-report.xsd" version="3.0.2" name="com.projeto.interdisciplinar.InterdisciplinarApplicationTests" time="0.039" tests="1" errors="0" skipped="0" failures="0" flakes="0">
  <properties>
[...]
</properties>
  <testcase name="contextLoads" classname="com.projeto.interdisciplinar.InterdisciplinarApplicationTests" time="0.012">
    <system-out><![CDATA[2026-09-11T18:51:21.489Z  INFO 29396 --- [interdisciplinar] [           main] t.c.s.AnnotationConfigContextLoaderUtils : Could not detect default configuration classes for test class [com.projeto.interdisciplinar.InterdisciplinarApplicationTests]: InterdisciplinarApplicationTests does not declare any static, non-private, non-final, nested classes annotated with @Configuration.
2026-09-11T18:51:21.492Z  INFO 29396 --- [interdisciplinar] [           main] .b.t.c.SpringBootTestContextBootstrapper : Found @SpringBootConfiguration com.projeto.interdisciplinar.InterdisciplinarApplication for test class com.projeto.interdisciplinar.InterdisciplinarApplicationTests
2026-09-11T18:51:21.494Z  INFO 29396 --- [interdisciplinar] [           main] t.c.s.AnnotationConfigContextLoaderUtils : Could not detect default configuration classes for test class [com.projeto.interdisciplinar.InterdisciplinarApplicationTests]: InterdisciplinarApplicationTests does not declare any static, non-private, non-final, nested classes annotated with @Configuration.
2026-09-11T18:51:21.496Z  INFO 29396 --- [interdisciplinar] [           main] .b.t.c.SpringBootTestContextBootstrapper : Found @SpringBootConfiguration com.projeto.interdisciplinar.InterdisciplinarApplication for test class com.projeto.interdisciplinar.InterdisciplinarApplicationTests
]]></system-out>
  </testcase>
</testsuite>